<?xml version="1.0" encoding="UTF-8"?>
<TestRun id="d593b27a-c5c4-4811-aa57-b43aa3e96a97" name="alytunenko@WS01 2011-11-07 18:14:51" runUser="ECLIPSESP\alytunenko" xmlns="http://microsoft.com/schemas/VisualStudio/TeamTest/2010">
  <TestSettings name="Local" id="7f2de828-320c-47b7-bad7-14338a7a3542">
    <Description>These are default test settings for a local test run.</Description>
    <Deployment enabled="false" runDeploymentRoot="alytunenko_WS01 2011-11-07 18_14_51">
      <DeploymentItem filename="C:\Projects\NhibernateHierarchyTest\Bin\Nhibernate\Iesi.Collections.dll" />
      <DeploymentItem filename="C:\Projects\NhibernateHierarchyTest\NhibernateHierarchyTest\bin\Debug\NhibernateHierarchyTest.dll" />
      <DeploymentItem filename="C:\Projects\NhibernateHierarchyTest\Bin\Nhibernate\Castle.Core.dll" />
      <DeploymentItem filename="C:\Projects\NhibernateHierarchyTest\Bin\Nhibernate\NHibernate.ByteCode.Castle.dll" />
      <DeploymentItem filename="C:\Projects\NhibernateHierarchyTest\Hierarchy.NHibernate\bin\Debug\Hierarchy.NHibernate.dll" />
      <DeploymentItem filename="C:\Projects\NhibernateHierarchyTest\Bin\Nhibernate\Remotion.Data.Linq.dll" />
      <DeploymentItem filename="C:\Projects\NhibernateHierarchyTest\Bin\Nhibernate\NHibernate.dll" />
      <DeploymentItem filename="C:\Projects\NhibernateHierarchyTest\Bin\Nhibernate\FluentNHibernate.dll" />
      <DeploymentItem filename="C:\Projects\NhibernateHierarchyTest\Bin\Nhibernate\Antlr3.Runtime.dll" />
    </Deployment>
    <Execution>
      <TestTypeSpecific />
      <AgentRule name="Execution Agents">
      </AgentRule>
    </Execution>
  </TestSettings>
  <Times creation="2011-11-07T18:14:51.7781004+02:00" queuing="2011-11-07T18:14:51.9471173+02:00" start="2011-11-07T18:14:51.9751201+02:00" finish="2011-11-07T18:14:55.8625088+02:00" />
  <ResultSummary outcome="Failed">
    <Counters total="5" executed="5" passed="4" error="0" failed="1" timeout="0" aborted="0" inconclusive="0" passedButRunAborted="0" notRunnable="0" notExecuted="0" disconnected="0" warning="0" completed="0" inProgress="0" pending="0" />
  </ResultSummary>
  <TestDefinitions>
    <UnitTest name="GetAll_Cars" storage="c:\projects\nhibernatehierarchytest\hierarchy.nhibernate.tests\bin\debug\hierarchy.nhibernate.tests.dll" id="edaedbb8-d439-e148-3d04-87f9ed4dde7f">
      <Execution id="0faa4da2-da70-4d36-bd48-da63d344bc05" />
      <TestMethod codeBase="C:/Projects/NhibernateHierarchyTest/Hierarchy.NHibernate.Tests/bin/Debug/Hierarchy.NHibernate.Tests.DLL" adapterTypeName="Microsoft.VisualStudio.TestTools.TestTypes.Unit.UnitTestAdapter, Microsoft.VisualStudio.QualityTools.Tips.UnitTest.Adapter, Version=10.0.0.0, Culture=neutral, PublicKeyToken=b03f5f7f11d50a3a" className="Hierarchy.NHibernate.Tests.NHibernateVehicleRepositoryTest, Hierarchy.NHibernate.Tests, Version=1.0.0.0, Culture=neutral, PublicKeyToken=null" name="GetAll_Cars" />
    </UnitTest>
    <UnitTest name="GetAll_Buses" storage="c:\projects\nhibernatehierarchytest\hierarchy.nhibernate.tests\bin\debug\hierarchy.nhibernate.tests.dll" id="9bdeb3fd-a67a-7aaa-2d77-646adc2b6c65">
      <Execution id="78447b00-7204-4943-af52-37c9887da76d" />
      <TestMethod codeBase="C:/Projects/NhibernateHierarchyTest/Hierarchy.NHibernate.Tests/bin/Debug/Hierarchy.NHibernate.Tests.DLL" adapterTypeName="Microsoft.VisualStudio.TestTools.TestTypes.Unit.UnitTestAdapter, Microsoft.VisualStudio.QualityTools.Tips.UnitTest.Adapter, Version=10.0.0.0, Culture=neutral, PublicKeyToken=b03f5f7f11d50a3a" className="Hierarchy.NHibernate.Tests.NHibernateVehicleRepositoryTest, Hierarchy.NHibernate.Tests, Version=1.0.0.0, Culture=neutral, PublicKeyToken=null" name="GetAll_Buses" />
    </UnitTest>
    <UnitTest name="GetAll_Motors" storage="c:\projects\nhibernatehierarchytest\hierarchy.nhibernate.tests\bin\debug\hierarchy.nhibernate.tests.dll" id="f002f957-10d5-8ca8-fadb-5954e3e18635">
      <Execution id="f92cc8b0-40e6-4676-9d25-54f5ae492566" />
      <TestMethod codeBase="C:/Projects/NhibernateHierarchyTest/Hierarchy.NHibernate.Tests/bin/Debug/Hierarchy.NHibernate.Tests.DLL" adapterTypeName="Microsoft.VisualStudio.TestTools.TestTypes.Unit.UnitTestAdapter, Microsoft.VisualStudio.QualityTools.Tips.UnitTest.Adapter, Version=10.0.0.0, Culture=neutral, PublicKeyToken=b03f5f7f11d50a3a" className="Hierarchy.NHibernate.Tests.NHibernateVehicleRepositoryTest, Hierarchy.NHibernate.Tests, Version=1.0.0.0, Culture=neutral, PublicKeyToken=null" name="GetAll_Motors" />
    </UnitTest>
    <UnitTest name="GetAll_Trucks" storage="c:\projects\nhibernatehierarchytest\hierarchy.nhibernate.tests\bin\debug\hierarchy.nhibernate.tests.dll" id="cd1c1b2c-bbec-54fb-4f18-853f67d36d41">
      <Execution id="ad137d72-d4ca-41d1-98f3-83bcef36895a" />
      <TestMethod codeBase="C:/Projects/NhibernateHierarchyTest/Hierarchy.NHibernate.Tests/bin/Debug/Hierarchy.NHibernate.Tests.DLL" adapterTypeName="Microsoft.VisualStudio.TestTools.TestTypes.Unit.UnitTestAdapter, Microsoft.VisualStudio.QualityTools.Tips.UnitTest.Adapter, Version=10.0.0.0, Culture=neutral, PublicKeyToken=b03f5f7f11d50a3a" className="Hierarchy.NHibernate.Tests.NHibernateVehicleRepositoryTest, Hierarchy.NHibernate.Tests, Version=1.0.0.0, Culture=neutral, PublicKeyToken=null" name="GetAll_Trucks" />
    </UnitTest>
    <UnitTest name="GetAll_Bicycles" storage="c:\projects\nhibernatehierarchytest\hierarchy.nhibernate.tests\bin\debug\hierarchy.nhibernate.tests.dll" id="ee45036e-378c-ce95-452f-d5f626bd2401">
      <Execution id="f16d7260-aa88-4a91-be36-e7052038a13a" />
      <TestMethod codeBase="C:/Projects/NhibernateHierarchyTest/Hierarchy.NHibernate.Tests/bin/Debug/Hierarchy.NHibernate.Tests.DLL" adapterTypeName="Microsoft.VisualStudio.TestTools.TestTypes.Unit.UnitTestAdapter, Microsoft.VisualStudio.QualityTools.Tips.UnitTest.Adapter, Version=10.0.0.0, Culture=neutral, PublicKeyToken=b03f5f7f11d50a3a" className="Hierarchy.NHibernate.Tests.NHibernateVehicleRepositoryTest, Hierarchy.NHibernate.Tests, Version=1.0.0.0, Culture=neutral, PublicKeyToken=null" name="GetAll_Bicycles" />
    </UnitTest>
  </TestDefinitions>
  <TestLists>
    <TestList name="Results Not in a List" id="8c84fa94-04c1-424b-9868-57a2d4851a1d" />
    <TestList name="All Loaded Results" id="19431567-8539-422a-85d7-44ee4e166bda" />
  </TestLists>
  <TestEntries>
    <TestEntry testId="9bdeb3fd-a67a-7aaa-2d77-646adc2b6c65" executionId="78447b00-7204-4943-af52-37c9887da76d" testListId="8c84fa94-04c1-424b-9868-57a2d4851a1d" />
    <TestEntry testId="cd1c1b2c-bbec-54fb-4f18-853f67d36d41" executionId="ad137d72-d4ca-41d1-98f3-83bcef36895a" testListId="8c84fa94-04c1-424b-9868-57a2d4851a1d" />
    <TestEntry testId="edaedbb8-d439-e148-3d04-87f9ed4dde7f" executionId="0faa4da2-da70-4d36-bd48-da63d344bc05" testListId="8c84fa94-04c1-424b-9868-57a2d4851a1d" />
    <TestEntry testId="ee45036e-378c-ce95-452f-d5f626bd2401" executionId="f16d7260-aa88-4a91-be36-e7052038a13a" testListId="8c84fa94-04c1-424b-9868-57a2d4851a1d" />
    <TestEntry testId="f002f957-10d5-8ca8-fadb-5954e3e18635" executionId="f92cc8b0-40e6-4676-9d25-54f5ae492566" testListId="8c84fa94-04c1-424b-9868-57a2d4851a1d" />
  </TestEntries>
  <Results>
    <UnitTestResult executionId="78447b00-7204-4943-af52-37c9887da76d" testId="9bdeb3fd-a67a-7aaa-2d77-646adc2b6c65" testName="GetAll_Buses" computerName="WS01" duration="00:00:02.9540726" startTime="2011-11-07T18:14:51.9781204+02:00" endTime="2011-11-07T18:14:55.1284354+02:00" testType="13cdc9d9-ddb5-4fa4-a97d-d965ccfc6d4b" outcome="Failed" testListId="8c84fa94-04c1-424b-9868-57a2d4851a1d" relativeResultsDirectory="78447b00-7204-4943-af52-37c9887da76d">
      <Output>
        <ErrorInfo>
          <Message>Assert.AreEqual failed. Expected:&lt;5&gt;. Actual:&lt;10&gt;. </Message>
          <StackTrace>   at Hierarchy.NHibernate.Tests.NHibernateVehicleRepositoryTest.AssertVehicles[T](Int32 expCount) in C:\Projects\NhibernateHierarchyTest\Hierarchy.NHibernate.Tests\NHibernateVehicleRepositoryTest.cs:line 63
   at Hierarchy.NHibernate.Tests.NHibernateVehicleRepositoryTest.GetAll_Buses() in C:\Projects\NhibernateHierarchyTest\Hierarchy.NHibernate.Tests\NHibernateVehicleRepositoryTest.cs:line 51
</StackTrace>
        </ErrorInfo>
      </Output>
    </UnitTestResult>
    <UnitTestResult executionId="ad137d72-d4ca-41d1-98f3-83bcef36895a" testId="cd1c1b2c-bbec-54fb-4f18-853f67d36d41" testName="GetAll_Trucks" computerName="WS01" duration="00:00:00.1553133" startTime="2011-11-07T18:14:55.1304356+02:00" endTime="2011-11-07T18:14:55.2894515+02:00" testType="13cdc9d9-ddb5-4fa4-a97d-d965ccfc6d4b" outcome="Passed" testListId="8c84fa94-04c1-424b-9868-57a2d4851a1d" relativeResultsDirectory="ad137d72-d4ca-41d1-98f3-83bcef36895a">
    </UnitTestResult>
    <UnitTestResult executionId="0faa4da2-da70-4d36-bd48-da63d344bc05" testId="edaedbb8-d439-e148-3d04-87f9ed4dde7f" testName="GetAll_Cars" computerName="WS01" duration="00:00:00.1787338" startTime="2011-11-07T18:14:55.2944520+02:00" endTime="2011-11-07T18:14:55.4774703+02:00" testType="13cdc9d9-ddb5-4fa4-a97d-d965ccfc6d4b" outcome="Passed" testListId="8c84fa94-04c1-424b-9868-57a2d4851a1d" relativeResultsDirectory="0faa4da2-da70-4d36-bd48-da63d344bc05">
    </UnitTestResult>
    <UnitTestResult executionId="f16d7260-aa88-4a91-be36-e7052038a13a" testId="ee45036e-378c-ce95-452f-d5f626bd2401" testName="GetAll_Bicycles" computerName="WS01" duration="00:00:00.1531538" startTime="2011-11-07T18:14:55.4804706+02:00" endTime="2011-11-07T18:14:55.6384864+02:00" testType="13cdc9d9-ddb5-4fa4-a97d-d965ccfc6d4b" outcome="Passed" testListId="8c84fa94-04c1-424b-9868-57a2d4851a1d" relativeResultsDirectory="f16d7260-aa88-4a91-be36-e7052038a13a">
    </UnitTestResult>
    <UnitTestResult executionId="f92cc8b0-40e6-4676-9d25-54f5ae492566" testId="f002f957-10d5-8ca8-fadb-5954e3e18635" testName="GetAll_Motors" computerName="WS01" duration="00:00:00.1766558" startTime="2011-11-07T18:14:55.6424868+02:00" endTime="2011-11-07T18:14:55.8225048+02:00" testType="13cdc9d9-ddb5-4fa4-a97d-d965ccfc6d4b" outcome="Passed" testListId="8c84fa94-04c1-424b-9868-57a2d4851a1d" relativeResultsDirectory="f92cc8b0-40e6-4676-9d25-54f5ae492566">
    </UnitTestResult>
  </Results>
</TestRun>