<?xml version="1.0" encoding="UTF-8"?>
<TestRun id="cd3072c0-cdc7-49b5-b63f-6924f24883ab" name="alytunenko@WS01 2011-11-07 17:46:18" runUser="ECLIPSESP\alytunenko" xmlns="http://microsoft.com/schemas/VisualStudio/TeamTest/2010">
  <TestSettings name="Local" id="7f2de828-320c-47b7-bad7-14338a7a3542">
    <Description>These are default test settings for a local test run.</Description>
    <Deployment enabled="false" runDeploymentRoot="alytunenko_WS01 2011-11-07 17_46_18">
      <DeploymentItem filename="C:\Projects\NhibernateHierarchyTest\Bin\Nhibernate\Iesi.Collections.dll" />
      <DeploymentItem filename="C:\Projects\NhibernateHierarchyTest\NhibernateHierarchyTest\bin\Debug\NhibernateHierarchyTest.dll" />
      <DeploymentItem filename="C:\Projects\NhibernateHierarchyTest\Bin\Nhibernate\Castle.Core.dll" />
      <DeploymentItem filename="C:\Projects\NhibernateHierarchyTest\Bin\Nhibernate\NHibernate.ByteCode.Castle.dll" />
      <DeploymentItem filename="C:\Projects\NhibernateHierarchyTest\Hierarchy.NHibernate\bin\Debug\Hierarchy.NHibernate.dll" />
      <DeploymentItem filename="C:\Projects\NhibernateHierarchyTest\Bin\Nhibernate\Remotion.Data.Linq.dll" />
      <DeploymentItem filename="C:\Projects\NhibernateHierarchyTest\Bin\Nhibernate\NHibernate.dll" />
      <DeploymentItem filename="C:\Projects\NhibernateHierarchyTest\Bin\Nhibernate\FluentNHibernate.dll" />
      <DeploymentItem filename="C:\Projects\NhibernateHierarchyTest\Bin\Nhibernate\Antlr3.Runtime.dll" />
    </Deployment>
    <Execution>
      <TestTypeSpecific />
      <AgentRule name="Execution Agents">
      </AgentRule>
    </Execution>
  </TestSettings>
  <Times creation="2011-11-07T17:46:18.4687866+02:00" queuing="2011-11-07T17:46:18.5307928+02:00" start="2011-11-07T17:46:18.5407938+02:00" finish="2011-11-07T17:46:22.0621459+02:00" />
  <ResultSummary outcome="Failed">
    <Counters total="5" executed="5" error="0" failed="5" timeout="0" aborted="0" inconclusive="0" passedButRunAborted="0" notRunnable="0" notExecuted="0" disconnected="0" warning="0" passed="0" completed="0" inProgress="0" pending="0" />
  </ResultSummary>
  <TestDefinitions>
    <UnitTest name="GetAll_Cars" storage="c:\projects\nhibernatehierarchytest\hierarchy.nhibernate.tests\bin\debug\hierarchy.nhibernate.tests.dll" id="edaedbb8-d439-e148-3d04-87f9ed4dde7f">
      <Execution id="cb57d1e3-15f4-4868-991e-9985ae0d8359" />
      <TestMethod codeBase="C:/Projects/NhibernateHierarchyTest/Hierarchy.NHibernate.Tests/bin/Debug/Hierarchy.NHibernate.Tests.DLL" adapterTypeName="Microsoft.VisualStudio.TestTools.TestTypes.Unit.UnitTestAdapter, Microsoft.VisualStudio.QualityTools.Tips.UnitTest.Adapter, Version=10.0.0.0, Culture=neutral, PublicKeyToken=b03f5f7f11d50a3a" className="Hierarchy.NHibernate.Tests.NHibernateVehicleRepositoryTest, Hierarchy.NHibernate.Tests, Version=1.0.0.0, Culture=neutral, PublicKeyToken=null" name="GetAll_Cars" />
    </UnitTest>
    <UnitTest name="GetAll_Buses" storage="c:\projects\nhibernatehierarchytest\hierarchy.nhibernate.tests\bin\debug\hierarchy.nhibernate.tests.dll" id="9bdeb3fd-a67a-7aaa-2d77-646adc2b6c65">
      <Execution id="ba9ab83f-294d-451b-9b53-55375c1aa567" />
      <TestMethod codeBase="C:/Projects/NhibernateHierarchyTest/Hierarchy.NHibernate.Tests/bin/Debug/Hierarchy.NHibernate.Tests.DLL" adapterTypeName="Microsoft.VisualStudio.TestTools.TestTypes.Unit.UnitTestAdapter, Microsoft.VisualStudio.QualityTools.Tips.UnitTest.Adapter, Version=10.0.0.0, Culture=neutral, PublicKeyToken=b03f5f7f11d50a3a" className="Hierarchy.NHibernate.Tests.NHibernateVehicleRepositoryTest, Hierarchy.NHibernate.Tests, Version=1.0.0.0, Culture=neutral, PublicKeyToken=null" name="GetAll_Buses" />
    </UnitTest>
    <UnitTest name="GetAll_Motors" storage="c:\projects\nhibernatehierarchytest\hierarchy.nhibernate.tests\bin\debug\hierarchy.nhibernate.tests.dll" id="f002f957-10d5-8ca8-fadb-5954e3e18635">
      <Execution id="5b2fb7cd-c6b9-49bb-9953-6859fe81a8d9" />
      <TestMethod codeBase="C:/Projects/NhibernateHierarchyTest/Hierarchy.NHibernate.Tests/bin/Debug/Hierarchy.NHibernate.Tests.DLL" adapterTypeName="Microsoft.VisualStudio.TestTools.TestTypes.Unit.UnitTestAdapter, Microsoft.VisualStudio.QualityTools.Tips.UnitTest.Adapter, Version=10.0.0.0, Culture=neutral, PublicKeyToken=b03f5f7f11d50a3a" className="Hierarchy.NHibernate.Tests.NHibernateVehicleRepositoryTest, Hierarchy.NHibernate.Tests, Version=1.0.0.0, Culture=neutral, PublicKeyToken=null" name="GetAll_Motors" />
    </UnitTest>
    <UnitTest name="GetAll_Trucks" storage="c:\projects\nhibernatehierarchytest\hierarchy.nhibernate.tests\bin\debug\hierarchy.nhibernate.tests.dll" id="cd1c1b2c-bbec-54fb-4f18-853f67d36d41">
      <Execution id="d2809018-0d7e-4382-8fdc-83d1a71b3c2a" />
      <TestMethod codeBase="C:/Projects/NhibernateHierarchyTest/Hierarchy.NHibernate.Tests/bin/Debug/Hierarchy.NHibernate.Tests.DLL" adapterTypeName="Microsoft.VisualStudio.TestTools.TestTypes.Unit.UnitTestAdapter, Microsoft.VisualStudio.QualityTools.Tips.UnitTest.Adapter, Version=10.0.0.0, Culture=neutral, PublicKeyToken=b03f5f7f11d50a3a" className="Hierarchy.NHibernate.Tests.NHibernateVehicleRepositoryTest, Hierarchy.NHibernate.Tests, Version=1.0.0.0, Culture=neutral, PublicKeyToken=null" name="GetAll_Trucks" />
    </UnitTest>
    <UnitTest name="GetAll_Bicycles" storage="c:\projects\nhibernatehierarchytest\hierarchy.nhibernate.tests\bin\debug\hierarchy.nhibernate.tests.dll" id="ee45036e-378c-ce95-452f-d5f626bd2401">
      <Execution id="e484ba11-f93d-4346-8bda-f7c415354186" />
      <TestMethod codeBase="C:/Projects/NhibernateHierarchyTest/Hierarchy.NHibernate.Tests/bin/Debug/Hierarchy.NHibernate.Tests.DLL" adapterTypeName="Microsoft.VisualStudio.TestTools.TestTypes.Unit.UnitTestAdapter, Microsoft.VisualStudio.QualityTools.Tips.UnitTest.Adapter, Version=10.0.0.0, Culture=neutral, PublicKeyToken=b03f5f7f11d50a3a" className="Hierarchy.NHibernate.Tests.NHibernateVehicleRepositoryTest, Hierarchy.NHibernate.Tests, Version=1.0.0.0, Culture=neutral, PublicKeyToken=null" name="GetAll_Bicycles" />
    </UnitTest>
  </TestDefinitions>
  <TestLists>
    <TestList name="Results Not in a List" id="8c84fa94-04c1-424b-9868-57a2d4851a1d" />
    <TestList name="All Loaded Results" id="19431567-8539-422a-85d7-44ee4e166bda" />
  </TestLists>
  <TestEntries>
    <TestEntry testId="9bdeb3fd-a67a-7aaa-2d77-646adc2b6c65" executionId="ba9ab83f-294d-451b-9b53-55375c1aa567" testListId="8c84fa94-04c1-424b-9868-57a2d4851a1d" />
    <TestEntry testId="cd1c1b2c-bbec-54fb-4f18-853f67d36d41" executionId="d2809018-0d7e-4382-8fdc-83d1a71b3c2a" testListId="8c84fa94-04c1-424b-9868-57a2d4851a1d" />
    <TestEntry testId="edaedbb8-d439-e148-3d04-87f9ed4dde7f" executionId="cb57d1e3-15f4-4868-991e-9985ae0d8359" testListId="8c84fa94-04c1-424b-9868-57a2d4851a1d" />
    <TestEntry testId="ee45036e-378c-ce95-452f-d5f626bd2401" executionId="e484ba11-f93d-4346-8bda-f7c415354186" testListId="8c84fa94-04c1-424b-9868-57a2d4851a1d" />
    <TestEntry testId="f002f957-10d5-8ca8-fadb-5954e3e18635" executionId="5b2fb7cd-c6b9-49bb-9953-6859fe81a8d9" testListId="8c84fa94-04c1-424b-9868-57a2d4851a1d" />
  </TestEntries>
  <Results>
    <UnitTestResult executionId="ba9ab83f-294d-451b-9b53-55375c1aa567" testId="9bdeb3fd-a67a-7aaa-2d77-646adc2b6c65" testName="GetAll_Buses" computerName="WS01" duration="00:00:02.3457554" startTime="2011-11-07T17:46:18.5487946+02:00" endTime="2011-11-07T17:46:21.1100507+02:00" testType="13cdc9d9-ddb5-4fa4-a97d-d965ccfc6d4b" outcome="Failed" testListId="8c84fa94-04c1-424b-9868-57a2d4851a1d" relativeResultsDirectory="ba9ab83f-294d-451b-9b53-55375c1aa567">
      <Output>
        <StdOut>create table [Vehicle] (
        Id UNIQUEIDENTIFIER not null,
       Mark NVARCHAR(255) not null,
       Model NVARCHAR(255) not null,
       ProductionDate DATETIME not null,
       Weight DOUBLE PRECISION not null,
       primary key (Id)
    )

    create table [Bicycle] (
        Vehicle_id UNIQUEIDENTIFIER not null,
       FrameProducer NVARCHAR(255) null,
       primary key (Vehicle_id)
    )

    create table [MotorVehicle] (
        Vehicle_id UNIQUEIDENTIFIER not null,
       MotorVolume DOUBLE PRECISION not null,
       ValvesNumber INT not null,
       primary key (Vehicle_id)
    )

    create table [Bus] (
        MotorVehicle_id UNIQUEIDENTIFIER not null,
       Capacity INT not null,
       DecksCount INT not null,
       primary key (MotorVehicle_id)
    )

    create table [Car] (
        MotorVehicle_id UNIQUEIDENTIFIER not null,
       CarTypeId INT null,
       primary key (MotorVehicle_id)
    )

    create table [Truck] (
        MotorVehicle_id UNIQUEIDENTIFIER not null,
       GVWR REAL not null,
       primary key (MotorVehicle_id)
    )

    alter table [Bicycle] 
        add constraint FK42F39293FEB71C6F 
        foreign key (Vehicle_id) 
        references [Vehicle]

    alter table [MotorVehicle] 
        add constraint FKDE12295FFEB71C6F 
        foreign key (Vehicle_id) 
        references [Vehicle]

    alter table [Bus] 
        add constraint FKF5978E89851856B3 
        foreign key (MotorVehicle_id) 
        references [MotorVehicle]

    alter table [Car] 
        add constraint FK52E419ED851856B3 
        foreign key (MotorVehicle_id) 
        references [MotorVehicle]

    alter table [Truck] 
        add constraint FKC01135FC851856B3 
        foreign key (MotorVehicle_id) 
        references [MotorVehicle]</StdOut>
        <ErrorInfo>
          <Message>Initialization method Hierarchy.NHibernate.Tests.NHibernateVehicleRepositoryTest.Init threw exception. FluentNHibernate.Cfg.FluentConfigurationException: FluentNHibernate.Cfg.FluentConfigurationException: An invalid or incomplete configuration was used while creating a SessionFactory. Check PotentialReasons collection, and InnerException for more detail.

 ---&gt; NHibernate.InvalidProxyTypeException: The following types may not be used as proxies:
Hierarchy.Bicycle: method get_FrameProducer should be 'public/protected virtual' or 'protected internal virtual'
Hierarchy.Bicycle: method set_FrameProducer should be 'public/protected virtual' or 'protected internal virtual'
Hierarchy.Bicycle: method get_Id should be 'public/protected virtual' or 'protected internal virtual'
Hierarchy.Bicycle: method set_Id should be 'public/protected virtual' or 'protected internal virtual'
Hierarchy.Bicycle: method get_Weight should be 'public/protected virtual' or 'protected internal virtual'
Hierarchy.Bicycle: method set_Weight should be 'public/protected virtual' or 'protected internal virtual'
Hierarchy.Bicycle: method get_Mark should be 'public/protected virtual' or 'protected internal virtual'
Hierarchy.Bicycle: method set_Mark should be 'public/protected virtual' or 'protected internal virtual'
Hierarchy.Bicycle: method get_Model should be 'public/protected virtual' or 'protected internal virtual'
Hierarchy.Bicycle: method set_Model should be 'public/protected virtual' or 'protected internal virtual'
Hierarchy.Bicycle: method get_ProductionDate should be 'public/protected virtual' or 'protected internal virtual'
Hierarchy.Bicycle: method set_ProductionDate should be 'public/protected virtual' or 'protected internal virtual'
Hierarchy.Bus: method get_Capacity should be 'public/protected virtual' or 'protected internal virtual'
Hierarchy.Bus: method set_Capacity should be 'public/protected virtual' or 'protected internal virtual'
Hierarchy.Bus: method get_DecksCount should be 'public/protected virtual' or 'protected internal virtual'
Hierarchy.Bus: method set_DecksCount should be 'public/protected virtual' or 'protected internal virtual'
Hierarchy.Bus: method get_MotorVolume should be 'public/protected virtual' or 'protected internal virtual'
Hierarchy.Bus: method set_MotorVolume should be 'public/protected virtual' or 'protected internal virtual'
Hierarchy.Bus: method get_ValvesNumber should be 'public/protected virtual' or 'protected internal virtual'
Hierarchy.Bus: method set_ValvesNumber should be 'public/protected virtual' or 'protected internal virtual'
Hierarchy.Bus: method get_Id should be 'public/protected virtual' or 'protected internal virtual'
Hierarchy.Bus: method set_Id should be 'public/protected virtual' or 'protected internal virtual'
Hierarchy.Bus: method get_Weight should be 'public/protected virtual' or 'protected internal virtual'
Hierarchy.Bus: method set_Weight should be 'public/protected virtual' or 'protected internal virtual'
Hierarchy.Bus: method get_Mark should be 'public/protected virtual' or 'protected internal virtual'
Hierarchy.Bus: method set_Mark should be 'public/protected virtual' or 'protected internal virtual'
Hierarchy.Bus: method get_Model should be 'public/protected virtual' or 'protected internal virtual'
Hierarchy.Bus: method set_Model should be 'public/protected virtual' or 'protected internal virtual'
Hierarchy.Bus: method get_ProductionDate should be 'public/protected virtual' or 'protected internal virtual'
Hierarchy.Bus: method set_ProductionDate should be 'public/protected virtual' or 'protected internal virtual'
Hierarchy.Car: method get_CarTypeId should be 'public/protected virtual' or 'protected internal virtual'
Hierarchy.Car: method set_CarTypeId should be 'public/protected virtual' or 'protected internal virtual'
Hierarchy.Car: method get_MotorVolume should be 'public/protected virtual' or 'protected internal virtual'
Hierarchy.Car: method set_MotorVolume should be 'public/protected virtual' or 'protected internal virtual'
Hierarchy.Car: method get_ValvesNumber should be 'public/protected virtual' or 'protected internal virtual'
Hierarchy.Car: method set_ValvesNumber should be 'public/protected virtual' or 'protected internal virtual'
Hierarchy.Car: method get_Id should be 'public/protected virtual' or 'protected internal virtual'
Hierarchy.Car: method set_Id should be 'public/protected virtual' or 'protected internal virtual'
Hierarchy.Car: method get_Weight should be 'public/protected virtual' or 'protected internal virtual'
Hierarchy.Car: method set_Weight should be 'public/protected virtual' or 'protected internal virtual'
Hierarchy.Car: method get_Mark should be 'public/protected virtual' or 'protected internal virtual'
Hierarchy.Car: method set_Mark should be 'public/protected virtual' or 'protected internal virtual'
Hierarchy.Car: method get_Model should be 'public/protected virtual' or 'protected internal virtual'
Hierarchy.Car: method set_Model should be 'public/protected virtual' or 'protected internal virtual'
Hierarchy.Car: method get_ProductionDate should be 'public/protected virtual' or 'protected internal virtual'
Hierarchy.Car: method set_ProductionDate should be 'public/protected virtual' or 'protected internal virtual'
Hierarchy.Truck: method get_GVWR should be 'public/protected virtual' or 'protected internal virtual'
Hierarchy.Truck: method set_GVWR should be 'public/protected virtual' or 'protected internal virtual'
Hierarchy.Truck: method get_MotorVolume should be 'public/protected virtual' or 'protected internal virtual'
Hierarchy.Truck: method set_MotorVolume should be 'public/protected virtual' or 'protected internal virtual'
Hierarchy.Truck: method get_ValvesNumber should be 'public/protected virtual' or 'protected internal virtual'
Hierarchy.Truck: method set_ValvesNumber should be 'public/protected virtual' or 'protected internal virtual'
Hierarchy.Truck: method get_Id should be 'public/protected virtual' or 'protected internal virtual'
Hierarchy.Truck: method set_Id should be 'public/protected virtual' or 'protected internal virtual'
Hierarchy.Truck: method get_Weight should be 'public/protected virtual' or 'protected internal virtual'
Hierarchy.Truck: method set_Weight should be 'public/protected virtual' or 'protected internal virtual'
Hierarchy.Truck: method get_Mark should be 'public/protected virtual' or 'protected internal virtual'
Hierarchy.Truck: method set_Mark should be 'public/protected virtual' or 'protected internal virtual'
Hierarchy.Truck: method get_Model should be 'public/protected virtual' or 'protected internal virtual'
Hierarchy.Truck: method set_Model should be 'public/protected virtual' or 'protected internal virtual'
Hierarchy.Truck: method get_ProductionDate should be 'public/protected virtual' or 'protected internal virtual'
Hierarchy.Truck: method set_ProductionDate should be 'public/protected virtual' or 'protected internal virtual'
Hierarchy.MotorVehicle: method get_MotorVolume should be 'public/protected virtual' or 'protected internal virtual'
Hierarchy.MotorVehicle: method set_MotorVolume should be 'public/protected virtual' or 'protected internal virtual'
Hierarchy.MotorVehicle: method get_ValvesNumber should be 'public/protected virtual' or 'protected internal virtual'
Hierarchy.MotorVehicle: method set_ValvesNumber should be 'public/protected virtual' or 'protected internal virtual'
Hierarchy.MotorVehicle: method get_Id should be 'public/protected virtual' or 'protected internal virtual'
Hierarchy.MotorVehicle: method set_Id should be 'public/protected virtual' or 'protected internal virtual'
Hierarchy.MotorVehicle: method get_Weight should be 'public/protected virtual' or 'protected internal virtual'
Hierarchy.MotorVehicle: method set_Weight should be 'public/protected virtual' or 'protected internal virtual'
Hierarchy.MotorVehicle: method get_Mark should be 'public/protected virtual' or 'protected internal virtual'
Hierarchy.MotorVehicle: method set_Mark should be 'public/protected virtual' or 'protected internal virtual'
Hierarchy.MotorVehicle: method get_Model should be 'public/protected virtual' or 'protected internal virtual'
Hierarchy.MotorVehicle: method set_Model should be 'public/protected virtual' or 'protected internal virtual'
Hierarchy.MotorVehicle: method get_ProductionDate should be 'public/protected virtual' or 'protected internal virtual'
Hierarchy.MotorVehicle: method set_ProductionDate should be 'public/protected virtual' or 'protected internal virtual'
Hierarchy.Vehicle: method get_Id should be 'public/protected virtual' or 'protected internal virtual'
Hierarchy.Vehicle: method set_Id should be 'public/protected virtual' or 'protected internal virtual'
Hierarchy.Vehicle: method get_Weight should be 'public/protected virtual' or 'protected internal virtual'
Hierarchy.Vehicle: method set_Weight should be 'public/protected virtual' or 'protected internal virtual'
Hierarchy.Vehicle: method get_Mark should be 'public/protected virtual' or 'protected internal virtual'
Hierarchy.Vehicle: method set_Mark should be 'public/protected virtual' or 'protected internal virtual'
Hierarchy.Vehicle: method get_Model should be 'public/protected virtual' or 'protected internal virtual'
Hierarchy.Vehicle: method set_Model should be 'public/protected virtual' or 'protected internal virtual'
Hierarchy.Vehicle: method get_ProductionDate should be 'public/protected virtual' or 'protected internal virtual'
Hierarchy.Vehicle: method set_ProductionDate should be 'public/protected virtual' or 'protected internal virtual'.</Message>
          <StackTrace>    at NHibernate.Cfg.Configuration.ValidateEntities()
   at NHibernate.Cfg.Configuration.Validate()
   at NHibernate.Cfg.Configuration.BuildSessionFactory()
   at FluentNHibernate.Cfg.FluentConfiguration.BuildSessionFactory()
 --- End of inner exception stack trace ---
    at FluentNHibernate.Cfg.FluentConfiguration.BuildSessionFactory()
   at Hierarchy.NHibernate.NHibernateHelper.GetSessionFactory(String connectionString) in C:\Projects\NhibernateHierarchyTest\Hierarchy.NHibernate\NHibernateHelper.cs:line 25
   at Hierarchy.NHibernate.NHibernateHelper.GetSession(String connectionString) in C:\Projects\NhibernateHierarchyTest\Hierarchy.NHibernate\NHibernateHelper.cs:line 30
   at Hierarchy.NHibernate.Tests.NHibernateVehicleRepositoryTest.Init() in C:\Projects\NhibernateHierarchyTest\Hierarchy.NHibernate.Tests\NHibernateVehicleRepositoryTest.cs:line 20
</StackTrace>
        </ErrorInfo>
      </Output>
    </UnitTestResult>
    <UnitTestResult executionId="d2809018-0d7e-4382-8fdc-83d1a71b3c2a" testId="cd1c1b2c-bbec-54fb-4f18-853f67d36d41" testName="GetAll_Trucks" computerName="WS01" duration="00:00:00.7561744" startTime="2011-11-07T17:46:21.1160513+02:00" endTime="2011-11-07T17:46:21.8741271+02:00" testType="13cdc9d9-ddb5-4fa4-a97d-d965ccfc6d4b" outcome="Failed" testListId="8c84fa94-04c1-424b-9868-57a2d4851a1d" relativeResultsDirectory="d2809018-0d7e-4382-8fdc-83d1a71b3c2a">
      <Output>
        <ErrorInfo>
          <Message>Initialization method Hierarchy.NHibernate.Tests.NHibernateVehicleRepositoryTest.Init threw exception. FluentNHibernate.Cfg.FluentConfigurationException: FluentNHibernate.Cfg.FluentConfigurationException: An invalid or incomplete configuration was used while creating a SessionFactory. Check PotentialReasons collection, and InnerException for more detail.

 ---&gt; NHibernate.InvalidProxyTypeException: The following types may not be used as proxies:
Hierarchy.Bicycle: method get_FrameProducer should be 'public/protected virtual' or 'protected internal virtual'
Hierarchy.Bicycle: method set_FrameProducer should be 'public/protected virtual' or 'protected internal virtual'
Hierarchy.Bicycle: method get_Id should be 'public/protected virtual' or 'protected internal virtual'
Hierarchy.Bicycle: method set_Id should be 'public/protected virtual' or 'protected internal virtual'
Hierarchy.Bicycle: method get_Weight should be 'public/protected virtual' or 'protected internal virtual'
Hierarchy.Bicycle: method set_Weight should be 'public/protected virtual' or 'protected internal virtual'
Hierarchy.Bicycle: method get_Mark should be 'public/protected virtual' or 'protected internal virtual'
Hierarchy.Bicycle: method set_Mark should be 'public/protected virtual' or 'protected internal virtual'
Hierarchy.Bicycle: method set_Model should be 'public/protected virtual' or 'protected internal virtual'
Hierarchy.Bicycle: method get_Model should be 'public/protected virtual' or 'protected internal virtual'
Hierarchy.Bicycle: method get_ProductionDate should be 'public/protected virtual' or 'protected internal virtual'
Hierarchy.Bicycle: method set_ProductionDate should be 'public/protected virtual' or 'protected internal virtual'
Hierarchy.Bus: method get_Capacity should be 'public/protected virtual' or 'protected internal virtual'
Hierarchy.Bus: method set_Capacity should be 'public/protected virtual' or 'protected internal virtual'
Hierarchy.Bus: method get_DecksCount should be 'public/protected virtual' or 'protected internal virtual'
Hierarchy.Bus: method set_DecksCount should be 'public/protected virtual' or 'protected internal virtual'
Hierarchy.Bus: method set_MotorVolume should be 'public/protected virtual' or 'protected internal virtual'
Hierarchy.Bus: method get_MotorVolume should be 'public/protected virtual' or 'protected internal virtual'
Hierarchy.Bus: method set_ValvesNumber should be 'public/protected virtual' or 'protected internal virtual'
Hierarchy.Bus: method get_ValvesNumber should be 'public/protected virtual' or 'protected internal virtual'
Hierarchy.Bus: method get_Id should be 'public/protected virtual' or 'protected internal virtual'
Hierarchy.Bus: method set_Id should be 'public/protected virtual' or 'protected internal virtual'
Hierarchy.Bus: method get_Weight should be 'public/protected virtual' or 'protected internal virtual'
Hierarchy.Bus: method set_Weight should be 'public/protected virtual' or 'protected internal virtual'
Hierarchy.Bus: method get_Mark should be 'public/protected virtual' or 'protected internal virtual'
Hierarchy.Bus: method set_Mark should be 'public/protected virtual' or 'protected internal virtual'
Hierarchy.Bus: method set_Model should be 'public/protected virtual' or 'protected internal virtual'
Hierarchy.Bus: method get_Model should be 'public/protected virtual' or 'protected internal virtual'
Hierarchy.Bus: method get_ProductionDate should be 'public/protected virtual' or 'protected internal virtual'
Hierarchy.Bus: method set_ProductionDate should be 'public/protected virtual' or 'protected internal virtual'
Hierarchy.Car: method get_CarTypeId should be 'public/protected virtual' or 'protected internal virtual'
Hierarchy.Car: method set_CarTypeId should be 'public/protected virtual' or 'protected internal virtual'
Hierarchy.Car: method set_MotorVolume should be 'public/protected virtual' or 'protected internal virtual'
Hierarchy.Car: method get_MotorVolume should be 'public/protected virtual' or 'protected internal virtual'
Hierarchy.Car: method set_ValvesNumber should be 'public/protected virtual' or 'protected internal virtual'
Hierarchy.Car: method get_ValvesNumber should be 'public/protected virtual' or 'protected internal virtual'
Hierarchy.Car: method get_Id should be 'public/protected virtual' or 'protected internal virtual'
Hierarchy.Car: method set_Id should be 'public/protected virtual' or 'protected internal virtual'
Hierarchy.Car: method get_Weight should be 'public/protected virtual' or 'protected internal virtual'
Hierarchy.Car: method set_Weight should be 'public/protected virtual' or 'protected internal virtual'
Hierarchy.Car: method get_Mark should be 'public/protected virtual' or 'protected internal virtual'
Hierarchy.Car: method set_Mark should be 'public/protected virtual' or 'protected internal virtual'
Hierarchy.Car: method set_Model should be 'public/protected virtual' or 'protected internal virtual'
Hierarchy.Car: method get_Model should be 'public/protected virtual' or 'protected internal virtual'
Hierarchy.Car: method get_ProductionDate should be 'public/protected virtual' or 'protected internal virtual'
Hierarchy.Car: method set_ProductionDate should be 'public/protected virtual' or 'protected internal virtual'
Hierarchy.Truck: method get_GVWR should be 'public/protected virtual' or 'protected internal virtual'
Hierarchy.Truck: method set_GVWR should be 'public/protected virtual' or 'protected internal virtual'
Hierarchy.Truck: method set_MotorVolume should be 'public/protected virtual' or 'protected internal virtual'
Hierarchy.Truck: method get_MotorVolume should be 'public/protected virtual' or 'protected internal virtual'
Hierarchy.Truck: method set_ValvesNumber should be 'public/protected virtual' or 'protected internal virtual'
Hierarchy.Truck: method get_ValvesNumber should be 'public/protected virtual' or 'protected internal virtual'
Hierarchy.Truck: method get_Id should be 'public/protected virtual' or 'protected internal virtual'
Hierarchy.Truck: method set_Id should be 'public/protected virtual' or 'protected internal virtual'
Hierarchy.Truck: method get_Weight should be 'public/protected virtual' or 'protected internal virtual'
Hierarchy.Truck: method set_Weight should be 'public/protected virtual' or 'protected internal virtual'
Hierarchy.Truck: method get_Mark should be 'public/protected virtual' or 'protected internal virtual'
Hierarchy.Truck: method set_Mark should be 'public/protected virtual' or 'protected internal virtual'
Hierarchy.Truck: method set_Model should be 'public/protected virtual' or 'protected internal virtual'
Hierarchy.Truck: method get_Model should be 'public/protected virtual' or 'protected internal virtual'
Hierarchy.Truck: method get_ProductionDate should be 'public/protected virtual' or 'protected internal virtual'
Hierarchy.Truck: method set_ProductionDate should be 'public/protected virtual' or 'protected internal virtual'
Hierarchy.MotorVehicle: method get_MotorVolume should be 'public/protected virtual' or 'protected internal virtual'
Hierarchy.MotorVehicle: method set_MotorVolume should be 'public/protected virtual' or 'protected internal virtual'
Hierarchy.MotorVehicle: method set_ValvesNumber should be 'public/protected virtual' or 'protected internal virtual'
Hierarchy.MotorVehicle: method get_ValvesNumber should be 'public/protected virtual' or 'protected internal virtual'
Hierarchy.MotorVehicle: method get_Id should be 'public/protected virtual' or 'protected internal virtual'
Hierarchy.MotorVehicle: method set_Id should be 'public/protected virtual' or 'protected internal virtual'
Hierarchy.MotorVehicle: method get_Weight should be 'public/protected virtual' or 'protected internal virtual'
Hierarchy.MotorVehicle: method set_Weight should be 'public/protected virtual' or 'protected internal virtual'
Hierarchy.MotorVehicle: method get_Mark should be 'public/protected virtual' or 'protected internal virtual'
Hierarchy.MotorVehicle: method set_Mark should be 'public/protected virtual' or 'protected internal virtual'
Hierarchy.MotorVehicle: method set_Model should be 'public/protected virtual' or 'protected internal virtual'
Hierarchy.MotorVehicle: method get_Model should be 'public/protected virtual' or 'protected internal virtual'
Hierarchy.MotorVehicle: method get_ProductionDate should be 'public/protected virtual' or 'protected internal virtual'
Hierarchy.MotorVehicle: method set_ProductionDate should be 'public/protected virtual' or 'protected internal virtual'
Hierarchy.Vehicle: method get_Id should be 'public/protected virtual' or 'protected internal virtual'
Hierarchy.Vehicle: method set_Id should be 'public/protected virtual' or 'protected internal virtual'
Hierarchy.Vehicle: method get_Weight should be 'public/protected virtual' or 'protected internal virtual'
Hierarchy.Vehicle: method set_Weight should be 'public/protected virtual' or 'protected internal virtual'
Hierarchy.Vehicle: method get_Mark should be 'public/protected virtual' or 'protected internal virtual'
Hierarchy.Vehicle: method set_Mark should be 'public/protected virtual' or 'protected internal virtual'
Hierarchy.Vehicle: method set_Model should be 'public/protected virtual' or 'protected internal virtual'
Hierarchy.Vehicle: method get_Model should be 'public/protected virtual' or 'protected internal virtual'
Hierarchy.Vehicle: method get_ProductionDate should be 'public/protected virtual' or 'protected internal virtual'
Hierarchy.Vehicle: method set_ProductionDate should be 'public/protected virtual' or 'protected internal virtual'.</Message>
          <StackTrace>    at NHibernate.Cfg.Configuration.ValidateEntities()
   at NHibernate.Cfg.Configuration.Validate()
   at NHibernate.Cfg.Configuration.BuildSessionFactory()
   at FluentNHibernate.Cfg.FluentConfiguration.BuildSessionFactory()
 --- End of inner exception stack trace ---
    at FluentNHibernate.Cfg.FluentConfiguration.BuildSessionFactory()
   at Hierarchy.NHibernate.NHibernateHelper.GetSessionFactory(String connectionString) in C:\Projects\NhibernateHierarchyTest\Hierarchy.NHibernate\NHibernateHelper.cs:line 25
   at Hierarchy.NHibernate.NHibernateHelper.GetSession(String connectionString) in C:\Projects\NhibernateHierarchyTest\Hierarchy.NHibernate\NHibernateHelper.cs:line 30
   at Hierarchy.NHibernate.Tests.NHibernateVehicleRepositoryTest.Init() in C:\Projects\NhibernateHierarchyTest\Hierarchy.NHibernate.Tests\NHibernateVehicleRepositoryTest.cs:line 20
</StackTrace>
        </ErrorInfo>
      </Output>
    </UnitTestResult>
    <UnitTestResult executionId="cb57d1e3-15f4-4868-991e-9985ae0d8359" testId="edaedbb8-d439-e148-3d04-87f9ed4dde7f" testName="GetAll_Cars" computerName="WS01" duration="00:00:00.0430261" startTime="2011-11-07T17:46:21.8841281+02:00" endTime="2011-11-07T17:46:21.9301327+02:00" testType="13cdc9d9-ddb5-4fa4-a97d-d965ccfc6d4b" outcome="Failed" testListId="8c84fa94-04c1-424b-9868-57a2d4851a1d" relativeResultsDirectory="cb57d1e3-15f4-4868-991e-9985ae0d8359">
      <Output>
        <ErrorInfo>
          <Message>Initialization method Hierarchy.NHibernate.Tests.NHibernateVehicleRepositoryTest.Init threw exception. FluentNHibernate.Cfg.FluentConfigurationException: FluentNHibernate.Cfg.FluentConfigurationException: An invalid or incomplete configuration was used while creating a SessionFactory. Check PotentialReasons collection, and InnerException for more detail.

 ---&gt; NHibernate.InvalidProxyTypeException: The following types may not be used as proxies:
Hierarchy.Bicycle: method get_FrameProducer should be 'public/protected virtual' or 'protected internal virtual'
Hierarchy.Bicycle: method set_FrameProducer should be 'public/protected virtual' or 'protected internal virtual'
Hierarchy.Bicycle: method get_Id should be 'public/protected virtual' or 'protected internal virtual'
Hierarchy.Bicycle: method set_Id should be 'public/protected virtual' or 'protected internal virtual'
Hierarchy.Bicycle: method get_Weight should be 'public/protected virtual' or 'protected internal virtual'
Hierarchy.Bicycle: method set_Weight should be 'public/protected virtual' or 'protected internal virtual'
Hierarchy.Bicycle: method get_Mark should be 'public/protected virtual' or 'protected internal virtual'
Hierarchy.Bicycle: method set_Mark should be 'public/protected virtual' or 'protected internal virtual'
Hierarchy.Bicycle: method set_Model should be 'public/protected virtual' or 'protected internal virtual'
Hierarchy.Bicycle: method get_Model should be 'public/protected virtual' or 'protected internal virtual'
Hierarchy.Bicycle: method get_ProductionDate should be 'public/protected virtual' or 'protected internal virtual'
Hierarchy.Bicycle: method set_ProductionDate should be 'public/protected virtual' or 'protected internal virtual'
Hierarchy.Bus: method get_Capacity should be 'public/protected virtual' or 'protected internal virtual'
Hierarchy.Bus: method set_Capacity should be 'public/protected virtual' or 'protected internal virtual'
Hierarchy.Bus: method get_DecksCount should be 'public/protected virtual' or 'protected internal virtual'
Hierarchy.Bus: method set_DecksCount should be 'public/protected virtual' or 'protected internal virtual'
Hierarchy.Bus: method set_MotorVolume should be 'public/protected virtual' or 'protected internal virtual'
Hierarchy.Bus: method get_MotorVolume should be 'public/protected virtual' or 'protected internal virtual'
Hierarchy.Bus: method set_ValvesNumber should be 'public/protected virtual' or 'protected internal virtual'
Hierarchy.Bus: method get_ValvesNumber should be 'public/protected virtual' or 'protected internal virtual'
Hierarchy.Bus: method get_Id should be 'public/protected virtual' or 'protected internal virtual'
Hierarchy.Bus: method set_Id should be 'public/protected virtual' or 'protected internal virtual'
Hierarchy.Bus: method get_Weight should be 'public/protected virtual' or 'protected internal virtual'
Hierarchy.Bus: method set_Weight should be 'public/protected virtual' or 'protected internal virtual'
Hierarchy.Bus: method get_Mark should be 'public/protected virtual' or 'protected internal virtual'
Hierarchy.Bus: method set_Mark should be 'public/protected virtual' or 'protected internal virtual'
Hierarchy.Bus: method set_Model should be 'public/protected virtual' or 'protected internal virtual'
Hierarchy.Bus: method get_Model should be 'public/protected virtual' or 'protected internal virtual'
Hierarchy.Bus: method get_ProductionDate should be 'public/protected virtual' or 'protected internal virtual'
Hierarchy.Bus: method set_ProductionDate should be 'public/protected virtual' or 'protected internal virtual'
Hierarchy.Car: method get_CarTypeId should be 'public/protected virtual' or 'protected internal virtual'
Hierarchy.Car: method set_CarTypeId should be 'public/protected virtual' or 'protected internal virtual'
Hierarchy.Car: method set_MotorVolume should be 'public/protected virtual' or 'protected internal virtual'
Hierarchy.Car: method get_MotorVolume should be 'public/protected virtual' or 'protected internal virtual'
Hierarchy.Car: method set_ValvesNumber should be 'public/protected virtual' or 'protected internal virtual'
Hierarchy.Car: method get_ValvesNumber should be 'public/protected virtual' or 'protected internal virtual'
Hierarchy.Car: method get_Id should be 'public/protected virtual' or 'protected internal virtual'
Hierarchy.Car: method set_Id should be 'public/protected virtual' or 'protected internal virtual'
Hierarchy.Car: method get_Weight should be 'public/protected virtual' or 'protected internal virtual'
Hierarchy.Car: method set_Weight should be 'public/protected virtual' or 'protected internal virtual'
Hierarchy.Car: method get_Mark should be 'public/protected virtual' or 'protected internal virtual'
Hierarchy.Car: method set_Mark should be 'public/protected virtual' or 'protected internal virtual'
Hierarchy.Car: method set_Model should be 'public/protected virtual' or 'protected internal virtual'
Hierarchy.Car: method get_Model should be 'public/protected virtual' or 'protected internal virtual'
Hierarchy.Car: method get_ProductionDate should be 'public/protected virtual' or 'protected internal virtual'
Hierarchy.Car: method set_ProductionDate should be 'public/protected virtual' or 'protected internal virtual'
Hierarchy.Truck: method get_GVWR should be 'public/protected virtual' or 'protected internal virtual'
Hierarchy.Truck: method set_GVWR should be 'public/protected virtual' or 'protected internal virtual'
Hierarchy.Truck: method set_MotorVolume should be 'public/protected virtual' or 'protected internal virtual'
Hierarchy.Truck: method get_MotorVolume should be 'public/protected virtual' or 'protected internal virtual'
Hierarchy.Truck: method set_ValvesNumber should be 'public/protected virtual' or 'protected internal virtual'
Hierarchy.Truck: method get_ValvesNumber should be 'public/protected virtual' or 'protected internal virtual'
Hierarchy.Truck: method get_Id should be 'public/protected virtual' or 'protected internal virtual'
Hierarchy.Truck: method set_Id should be 'public/protected virtual' or 'protected internal virtual'
Hierarchy.Truck: method get_Weight should be 'public/protected virtual' or 'protected internal virtual'
Hierarchy.Truck: method set_Weight should be 'public/protected virtual' or 'protected internal virtual'
Hierarchy.Truck: method get_Mark should be 'public/protected virtual' or 'protected internal virtual'
Hierarchy.Truck: method set_Mark should be 'public/protected virtual' or 'protected internal virtual'
Hierarchy.Truck: method set_Model should be 'public/protected virtual' or 'protected internal virtual'
Hierarchy.Truck: method get_Model should be 'public/protected virtual' or 'protected internal virtual'
Hierarchy.Truck: method get_ProductionDate should be 'public/protected virtual' or 'protected internal virtual'
Hierarchy.Truck: method set_ProductionDate should be 'public/protected virtual' or 'protected internal virtual'
Hierarchy.MotorVehicle: method get_MotorVolume should be 'public/protected virtual' or 'protected internal virtual'
Hierarchy.MotorVehicle: method set_MotorVolume should be 'public/protected virtual' or 'protected internal virtual'
Hierarchy.MotorVehicle: method set_ValvesNumber should be 'public/protected virtual' or 'protected internal virtual'
Hierarchy.MotorVehicle: method get_ValvesNumber should be 'public/protected virtual' or 'protected internal virtual'
Hierarchy.MotorVehicle: method get_Id should be 'public/protected virtual' or 'protected internal virtual'
Hierarchy.MotorVehicle: method set_Id should be 'public/protected virtual' or 'protected internal virtual'
Hierarchy.MotorVehicle: method get_Weight should be 'public/protected virtual' or 'protected internal virtual'
Hierarchy.MotorVehicle: method set_Weight should be 'public/protected virtual' or 'protected internal virtual'
Hierarchy.MotorVehicle: method get_Mark should be 'public/protected virtual' or 'protected internal virtual'
Hierarchy.MotorVehicle: method set_Mark should be 'public/protected virtual' or 'protected internal virtual'
Hierarchy.MotorVehicle: method set_Model should be 'public/protected virtual' or 'protected internal virtual'
Hierarchy.MotorVehicle: method get_Model should be 'public/protected virtual' or 'protected internal virtual'
Hierarchy.MotorVehicle: method get_ProductionDate should be 'public/protected virtual' or 'protected internal virtual'
Hierarchy.MotorVehicle: method set_ProductionDate should be 'public/protected virtual' or 'protected internal virtual'
Hierarchy.Vehicle: method get_Id should be 'public/protected virtual' or 'protected internal virtual'
Hierarchy.Vehicle: method set_Id should be 'public/protected virtual' or 'protected internal virtual'
Hierarchy.Vehicle: method get_Weight should be 'public/protected virtual' or 'protected internal virtual'
Hierarchy.Vehicle: method set_Weight should be 'public/protected virtual' or 'protected internal virtual'
Hierarchy.Vehicle: method get_Mark should be 'public/protected virtual' or 'protected internal virtual'
Hierarchy.Vehicle: method set_Mark should be 'public/protected virtual' or 'protected internal virtual'
Hierarchy.Vehicle: method set_Model should be 'public/protected virtual' or 'protected internal virtual'
Hierarchy.Vehicle: method get_Model should be 'public/protected virtual' or 'protected internal virtual'
Hierarchy.Vehicle: method get_ProductionDate should be 'public/protected virtual' or 'protected internal virtual'
Hierarchy.Vehicle: method set_ProductionDate should be 'public/protected virtual' or 'protected internal virtual'.</Message>
          <StackTrace>    at NHibernate.Cfg.Configuration.ValidateEntities()
   at NHibernate.Cfg.Configuration.Validate()
   at NHibernate.Cfg.Configuration.BuildSessionFactory()
   at FluentNHibernate.Cfg.FluentConfiguration.BuildSessionFactory()
 --- End of inner exception stack trace ---
    at FluentNHibernate.Cfg.FluentConfiguration.BuildSessionFactory()
   at Hierarchy.NHibernate.NHibernateHelper.GetSessionFactory(String connectionString) in C:\Projects\NhibernateHierarchyTest\Hierarchy.NHibernate\NHibernateHelper.cs:line 25
   at Hierarchy.NHibernate.NHibernateHelper.GetSession(String connectionString) in C:\Projects\NhibernateHierarchyTest\Hierarchy.NHibernate\NHibernateHelper.cs:line 30
   at Hierarchy.NHibernate.Tests.NHibernateVehicleRepositoryTest.Init() in C:\Projects\NhibernateHierarchyTest\Hierarchy.NHibernate.Tests\NHibernateVehicleRepositoryTest.cs:line 20
</StackTrace>
        </ErrorInfo>
      </Output>
    </UnitTestResult>
    <UnitTestResult executionId="e484ba11-f93d-4346-8bda-f7c415354186" testId="ee45036e-378c-ce95-452f-d5f626bd2401" testName="GetAll_Bicycles" computerName="WS01" duration="00:00:00.0407931" startTime="2011-11-07T17:46:21.9371334+02:00" endTime="2011-11-07T17:46:21.9811378+02:00" testType="13cdc9d9-ddb5-4fa4-a97d-d965ccfc6d4b" outcome="Failed" testListId="8c84fa94-04c1-424b-9868-57a2d4851a1d" relativeResultsDirectory="e484ba11-f93d-4346-8bda-f7c415354186">
      <Output>
        <ErrorInfo>
          <Message>Initialization method Hierarchy.NHibernate.Tests.NHibernateVehicleRepositoryTest.Init threw exception. FluentNHibernate.Cfg.FluentConfigurationException: FluentNHibernate.Cfg.FluentConfigurationException: An invalid or incomplete configuration was used while creating a SessionFactory. Check PotentialReasons collection, and InnerException for more detail.

 ---&gt; NHibernate.InvalidProxyTypeException: The following types may not be used as proxies:
Hierarchy.Bicycle: method get_FrameProducer should be 'public/protected virtual' or 'protected internal virtual'
Hierarchy.Bicycle: method set_FrameProducer should be 'public/protected virtual' or 'protected internal virtual'
Hierarchy.Bicycle: method get_Id should be 'public/protected virtual' or 'protected internal virtual'
Hierarchy.Bicycle: method set_Id should be 'public/protected virtual' or 'protected internal virtual'
Hierarchy.Bicycle: method get_Weight should be 'public/protected virtual' or 'protected internal virtual'
Hierarchy.Bicycle: method set_Weight should be 'public/protected virtual' or 'protected internal virtual'
Hierarchy.Bicycle: method get_Mark should be 'public/protected virtual' or 'protected internal virtual'
Hierarchy.Bicycle: method set_Mark should be 'public/protected virtual' or 'protected internal virtual'
Hierarchy.Bicycle: method set_Model should be 'public/protected virtual' or 'protected internal virtual'
Hierarchy.Bicycle: method get_Model should be 'public/protected virtual' or 'protected internal virtual'
Hierarchy.Bicycle: method get_ProductionDate should be 'public/protected virtual' or 'protected internal virtual'
Hierarchy.Bicycle: method set_ProductionDate should be 'public/protected virtual' or 'protected internal virtual'
Hierarchy.Bus: method get_Capacity should be 'public/protected virtual' or 'protected internal virtual'
Hierarchy.Bus: method set_Capacity should be 'public/protected virtual' or 'protected internal virtual'
Hierarchy.Bus: method get_DecksCount should be 'public/protected virtual' or 'protected internal virtual'
Hierarchy.Bus: method set_DecksCount should be 'public/protected virtual' or 'protected internal virtual'
Hierarchy.Bus: method set_MotorVolume should be 'public/protected virtual' or 'protected internal virtual'
Hierarchy.Bus: method get_MotorVolume should be 'public/protected virtual' or 'protected internal virtual'
Hierarchy.Bus: method set_ValvesNumber should be 'public/protected virtual' or 'protected internal virtual'
Hierarchy.Bus: method get_ValvesNumber should be 'public/protected virtual' or 'protected internal virtual'
Hierarchy.Bus: method get_Id should be 'public/protected virtual' or 'protected internal virtual'
Hierarchy.Bus: method set_Id should be 'public/protected virtual' or 'protected internal virtual'
Hierarchy.Bus: method get_Weight should be 'public/protected virtual' or 'protected internal virtual'
Hierarchy.Bus: method set_Weight should be 'public/protected virtual' or 'protected internal virtual'
Hierarchy.Bus: method get_Mark should be 'public/protected virtual' or 'protected internal virtual'
Hierarchy.Bus: method set_Mark should be 'public/protected virtual' or 'protected internal virtual'
Hierarchy.Bus: method set_Model should be 'public/protected virtual' or 'protected internal virtual'
Hierarchy.Bus: method get_Model should be 'public/protected virtual' or 'protected internal virtual'
Hierarchy.Bus: method get_ProductionDate should be 'public/protected virtual' or 'protected internal virtual'
Hierarchy.Bus: method set_ProductionDate should be 'public/protected virtual' or 'protected internal virtual'
Hierarchy.Car: method get_CarTypeId should be 'public/protected virtual' or 'protected internal virtual'
Hierarchy.Car: method set_CarTypeId should be 'public/protected virtual' or 'protected internal virtual'
Hierarchy.Car: method set_MotorVolume should be 'public/protected virtual' or 'protected internal virtual'
Hierarchy.Car: method get_MotorVolume should be 'public/protected virtual' or 'protected internal virtual'
Hierarchy.Car: method set_ValvesNumber should be 'public/protected virtual' or 'protected internal virtual'
Hierarchy.Car: method get_ValvesNumber should be 'public/protected virtual' or 'protected internal virtual'
Hierarchy.Car: method get_Id should be 'public/protected virtual' or 'protected internal virtual'
Hierarchy.Car: method set_Id should be 'public/protected virtual' or 'protected internal virtual'
Hierarchy.Car: method get_Weight should be 'public/protected virtual' or 'protected internal virtual'
Hierarchy.Car: method set_Weight should be 'public/protected virtual' or 'protected internal virtual'
Hierarchy.Car: method get_Mark should be 'public/protected virtual' or 'protected internal virtual'
Hierarchy.Car: method set_Mark should be 'public/protected virtual' or 'protected internal virtual'
Hierarchy.Car: method set_Model should be 'public/protected virtual' or 'protected internal virtual'
Hierarchy.Car: method get_Model should be 'public/protected virtual' or 'protected internal virtual'
Hierarchy.Car: method get_ProductionDate should be 'public/protected virtual' or 'protected internal virtual'
Hierarchy.Car: method set_ProductionDate should be 'public/protected virtual' or 'protected internal virtual'
Hierarchy.Truck: method get_GVWR should be 'public/protected virtual' or 'protected internal virtual'
Hierarchy.Truck: method set_GVWR should be 'public/protected virtual' or 'protected internal virtual'
Hierarchy.Truck: method set_MotorVolume should be 'public/protected virtual' or 'protected internal virtual'
Hierarchy.Truck: method get_MotorVolume should be 'public/protected virtual' or 'protected internal virtual'
Hierarchy.Truck: method set_ValvesNumber should be 'public/protected virtual' or 'protected internal virtual'
Hierarchy.Truck: method get_ValvesNumber should be 'public/protected virtual' or 'protected internal virtual'
Hierarchy.Truck: method get_Id should be 'public/protected virtual' or 'protected internal virtual'
Hierarchy.Truck: method set_Id should be 'public/protected virtual' or 'protected internal virtual'
Hierarchy.Truck: method get_Weight should be 'public/protected virtual' or 'protected internal virtual'
Hierarchy.Truck: method set_Weight should be 'public/protected virtual' or 'protected internal virtual'
Hierarchy.Truck: method get_Mark should be 'public/protected virtual' or 'protected internal virtual'
Hierarchy.Truck: method set_Mark should be 'public/protected virtual' or 'protected internal virtual'
Hierarchy.Truck: method set_Model should be 'public/protected virtual' or 'protected internal virtual'
Hierarchy.Truck: method get_Model should be 'public/protected virtual' or 'protected internal virtual'
Hierarchy.Truck: method get_ProductionDate should be 'public/protected virtual' or 'protected internal virtual'
Hierarchy.Truck: method set_ProductionDate should be 'public/protected virtual' or 'protected internal virtual'
Hierarchy.MotorVehicle: method get_MotorVolume should be 'public/protected virtual' or 'protected internal virtual'
Hierarchy.MotorVehicle: method set_MotorVolume should be 'public/protected virtual' or 'protected internal virtual'
Hierarchy.MotorVehicle: method set_ValvesNumber should be 'public/protected virtual' or 'protected internal virtual'
Hierarchy.MotorVehicle: method get_ValvesNumber should be 'public/protected virtual' or 'protected internal virtual'
Hierarchy.MotorVehicle: method get_Id should be 'public/protected virtual' or 'protected internal virtual'
Hierarchy.MotorVehicle: method set_Id should be 'public/protected virtual' or 'protected internal virtual'
Hierarchy.MotorVehicle: method get_Weight should be 'public/protected virtual' or 'protected internal virtual'
Hierarchy.MotorVehicle: method set_Weight should be 'public/protected virtual' or 'protected internal virtual'
Hierarchy.MotorVehicle: method get_Mark should be 'public/protected virtual' or 'protected internal virtual'
Hierarchy.MotorVehicle: method set_Mark should be 'public/protected virtual' or 'protected internal virtual'
Hierarchy.MotorVehicle: method set_Model should be 'public/protected virtual' or 'protected internal virtual'
Hierarchy.MotorVehicle: method get_Model should be 'public/protected virtual' or 'protected internal virtual'
Hierarchy.MotorVehicle: method get_ProductionDate should be 'public/protected virtual' or 'protected internal virtual'
Hierarchy.MotorVehicle: method set_ProductionDate should be 'public/protected virtual' or 'protected internal virtual'
Hierarchy.Vehicle: method get_Id should be 'public/protected virtual' or 'protected internal virtual'
Hierarchy.Vehicle: method set_Id should be 'public/protected virtual' or 'protected internal virtual'
Hierarchy.Vehicle: method get_Weight should be 'public/protected virtual' or 'protected internal virtual'
Hierarchy.Vehicle: method set_Weight should be 'public/protected virtual' or 'protected internal virtual'
Hierarchy.Vehicle: method get_Mark should be 'public/protected virtual' or 'protected internal virtual'
Hierarchy.Vehicle: method set_Mark should be 'public/protected virtual' or 'protected internal virtual'
Hierarchy.Vehicle: method set_Model should be 'public/protected virtual' or 'protected internal virtual'
Hierarchy.Vehicle: method get_Model should be 'public/protected virtual' or 'protected internal virtual'
Hierarchy.Vehicle: method get_ProductionDate should be 'public/protected virtual' or 'protected internal virtual'
Hierarchy.Vehicle: method set_ProductionDate should be 'public/protected virtual' or 'protected internal virtual'.</Message>
          <StackTrace>    at NHibernate.Cfg.Configuration.ValidateEntities()
   at NHibernate.Cfg.Configuration.Validate()
   at NHibernate.Cfg.Configuration.BuildSessionFactory()
   at FluentNHibernate.Cfg.FluentConfiguration.BuildSessionFactory()
 --- End of inner exception stack trace ---
    at FluentNHibernate.Cfg.FluentConfiguration.BuildSessionFactory()
   at Hierarchy.NHibernate.NHibernateHelper.GetSessionFactory(String connectionString) in C:\Projects\NhibernateHierarchyTest\Hierarchy.NHibernate\NHibernateHelper.cs:line 25
   at Hierarchy.NHibernate.NHibernateHelper.GetSession(String connectionString) in C:\Projects\NhibernateHierarchyTest\Hierarchy.NHibernate\NHibernateHelper.cs:line 30
   at Hierarchy.NHibernate.Tests.NHibernateVehicleRepositoryTest.Init() in C:\Projects\NhibernateHierarchyTest\Hierarchy.NHibernate.Tests\NHibernateVehicleRepositoryTest.cs:line 20
</StackTrace>
        </ErrorInfo>
      </Output>
    </UnitTestResult>
    <UnitTestResult executionId="5b2fb7cd-c6b9-49bb-9953-6859fe81a8d9" testId="f002f957-10d5-8ca8-fadb-5954e3e18635" testName="GetAll_Motors" computerName="WS01" duration="00:00:00.0391666" startTime="2011-11-07T17:46:21.9881385+02:00" endTime="2011-11-07T17:46:22.0291426+02:00" testType="13cdc9d9-ddb5-4fa4-a97d-d965ccfc6d4b" outcome="Failed" testListId="8c84fa94-04c1-424b-9868-57a2d4851a1d" relativeResultsDirectory="5b2fb7cd-c6b9-49bb-9953-6859fe81a8d9">
      <Output>
        <ErrorInfo>
          <Message>Initialization method Hierarchy.NHibernate.Tests.NHibernateVehicleRepositoryTest.Init threw exception. FluentNHibernate.Cfg.FluentConfigurationException: FluentNHibernate.Cfg.FluentConfigurationException: An invalid or incomplete configuration was used while creating a SessionFactory. Check PotentialReasons collection, and InnerException for more detail.

 ---&gt; NHibernate.InvalidProxyTypeException: The following types may not be used as proxies:
Hierarchy.Bicycle: method get_FrameProducer should be 'public/protected virtual' or 'protected internal virtual'
Hierarchy.Bicycle: method set_FrameProducer should be 'public/protected virtual' or 'protected internal virtual'
Hierarchy.Bicycle: method get_Id should be 'public/protected virtual' or 'protected internal virtual'
Hierarchy.Bicycle: method set_Id should be 'public/protected virtual' or 'protected internal virtual'
Hierarchy.Bicycle: method get_Weight should be 'public/protected virtual' or 'protected internal virtual'
Hierarchy.Bicycle: method set_Weight should be 'public/protected virtual' or 'protected internal virtual'
Hierarchy.Bicycle: method get_Mark should be 'public/protected virtual' or 'protected internal virtual'
Hierarchy.Bicycle: method set_Mark should be 'public/protected virtual' or 'protected internal virtual'
Hierarchy.Bicycle: method set_Model should be 'public/protected virtual' or 'protected internal virtual'
Hierarchy.Bicycle: method get_Model should be 'public/protected virtual' or 'protected internal virtual'
Hierarchy.Bicycle: method get_ProductionDate should be 'public/protected virtual' or 'protected internal virtual'
Hierarchy.Bicycle: method set_ProductionDate should be 'public/protected virtual' or 'protected internal virtual'
Hierarchy.Bus: method get_Capacity should be 'public/protected virtual' or 'protected internal virtual'
Hierarchy.Bus: method set_Capacity should be 'public/protected virtual' or 'protected internal virtual'
Hierarchy.Bus: method get_DecksCount should be 'public/protected virtual' or 'protected internal virtual'
Hierarchy.Bus: method set_DecksCount should be 'public/protected virtual' or 'protected internal virtual'
Hierarchy.Bus: method set_MotorVolume should be 'public/protected virtual' or 'protected internal virtual'
Hierarchy.Bus: method get_MotorVolume should be 'public/protected virtual' or 'protected internal virtual'
Hierarchy.Bus: method set_ValvesNumber should be 'public/protected virtual' or 'protected internal virtual'
Hierarchy.Bus: method get_ValvesNumber should be 'public/protected virtual' or 'protected internal virtual'
Hierarchy.Bus: method get_Id should be 'public/protected virtual' or 'protected internal virtual'
Hierarchy.Bus: method set_Id should be 'public/protected virtual' or 'protected internal virtual'
Hierarchy.Bus: method get_Weight should be 'public/protected virtual' or 'protected internal virtual'
Hierarchy.Bus: method set_Weight should be 'public/protected virtual' or 'protected internal virtual'
Hierarchy.Bus: method get_Mark should be 'public/protected virtual' or 'protected internal virtual'
Hierarchy.Bus: method set_Mark should be 'public/protected virtual' or 'protected internal virtual'
Hierarchy.Bus: method set_Model should be 'public/protected virtual' or 'protected internal virtual'
Hierarchy.Bus: method get_Model should be 'public/protected virtual' or 'protected internal virtual'
Hierarchy.Bus: method get_ProductionDate should be 'public/protected virtual' or 'protected internal virtual'
Hierarchy.Bus: method set_ProductionDate should be 'public/protected virtual' or 'protected internal virtual'
Hierarchy.Car: method get_CarTypeId should be 'public/protected virtual' or 'protected internal virtual'
Hierarchy.Car: method set_CarTypeId should be 'public/protected virtual' or 'protected internal virtual'
Hierarchy.Car: method set_MotorVolume should be 'public/protected virtual' or 'protected internal virtual'
Hierarchy.Car: method get_MotorVolume should be 'public/protected virtual' or 'protected internal virtual'
Hierarchy.Car: method set_ValvesNumber should be 'public/protected virtual' or 'protected internal virtual'
Hierarchy.Car: method get_ValvesNumber should be 'public/protected virtual' or 'protected internal virtual'
Hierarchy.Car: method get_Id should be 'public/protected virtual' or 'protected internal virtual'
Hierarchy.Car: method set_Id should be 'public/protected virtual' or 'protected internal virtual'
Hierarchy.Car: method get_Weight should be 'public/protected virtual' or 'protected internal virtual'
Hierarchy.Car: method set_Weight should be 'public/protected virtual' or 'protected internal virtual'
Hierarchy.Car: method get_Mark should be 'public/protected virtual' or 'protected internal virtual'
Hierarchy.Car: method set_Mark should be 'public/protected virtual' or 'protected internal virtual'
Hierarchy.Car: method set_Model should be 'public/protected virtual' or 'protected internal virtual'
Hierarchy.Car: method get_Model should be 'public/protected virtual' or 'protected internal virtual'
Hierarchy.Car: method get_ProductionDate should be 'public/protected virtual' or 'protected internal virtual'
Hierarchy.Car: method set_ProductionDate should be 'public/protected virtual' or 'protected internal virtual'
Hierarchy.Truck: method get_GVWR should be 'public/protected virtual' or 'protected internal virtual'
Hierarchy.Truck: method set_GVWR should be 'public/protected virtual' or 'protected internal virtual'
Hierarchy.Truck: method set_MotorVolume should be 'public/protected virtual' or 'protected internal virtual'
Hierarchy.Truck: method get_MotorVolume should be 'public/protected virtual' or 'protected internal virtual'
Hierarchy.Truck: method set_ValvesNumber should be 'public/protected virtual' or 'protected internal virtual'
Hierarchy.Truck: method get_ValvesNumber should be 'public/protected virtual' or 'protected internal virtual'
Hierarchy.Truck: method get_Id should be 'public/protected virtual' or 'protected internal virtual'
Hierarchy.Truck: method set_Id should be 'public/protected virtual' or 'protected internal virtual'
Hierarchy.Truck: method get_Weight should be 'public/protected virtual' or 'protected internal virtual'
Hierarchy.Truck: method set_Weight should be 'public/protected virtual' or 'protected internal virtual'
Hierarchy.Truck: method get_Mark should be 'public/protected virtual' or 'protected internal virtual'
Hierarchy.Truck: method set_Mark should be 'public/protected virtual' or 'protected internal virtual'
Hierarchy.Truck: method set_Model should be 'public/protected virtual' or 'protected internal virtual'
Hierarchy.Truck: method get_Model should be 'public/protected virtual' or 'protected internal virtual'
Hierarchy.Truck: method get_ProductionDate should be 'public/protected virtual' or 'protected internal virtual'
Hierarchy.Truck: method set_ProductionDate should be 'public/protected virtual' or 'protected internal virtual'
Hierarchy.MotorVehicle: method get_MotorVolume should be 'public/protected virtual' or 'protected internal virtual'
Hierarchy.MotorVehicle: method set_MotorVolume should be 'public/protected virtual' or 'protected internal virtual'
Hierarchy.MotorVehicle: method set_ValvesNumber should be 'public/protected virtual' or 'protected internal virtual'
Hierarchy.MotorVehicle: method get_ValvesNumber should be 'public/protected virtual' or 'protected internal virtual'
Hierarchy.MotorVehicle: method get_Id should be 'public/protected virtual' or 'protected internal virtual'
Hierarchy.MotorVehicle: method set_Id should be 'public/protected virtual' or 'protected internal virtual'
Hierarchy.MotorVehicle: method get_Weight should be 'public/protected virtual' or 'protected internal virtual'
Hierarchy.MotorVehicle: method set_Weight should be 'public/protected virtual' or 'protected internal virtual'
Hierarchy.MotorVehicle: method get_Mark should be 'public/protected virtual' or 'protected internal virtual'
Hierarchy.MotorVehicle: method set_Mark should be 'public/protected virtual' or 'protected internal virtual'
Hierarchy.MotorVehicle: method set_Model should be 'public/protected virtual' or 'protected internal virtual'
Hierarchy.MotorVehicle: method get_Model should be 'public/protected virtual' or 'protected internal virtual'
Hierarchy.MotorVehicle: method get_ProductionDate should be 'public/protected virtual' or 'protected internal virtual'
Hierarchy.MotorVehicle: method set_ProductionDate should be 'public/protected virtual' or 'protected internal virtual'
Hierarchy.Vehicle: method get_Id should be 'public/protected virtual' or 'protected internal virtual'
Hierarchy.Vehicle: method set_Id should be 'public/protected virtual' or 'protected internal virtual'
Hierarchy.Vehicle: method get_Weight should be 'public/protected virtual' or 'protected internal virtual'
Hierarchy.Vehicle: method set_Weight should be 'public/protected virtual' or 'protected internal virtual'
Hierarchy.Vehicle: method get_Mark should be 'public/protected virtual' or 'protected internal virtual'
Hierarchy.Vehicle: method set_Mark should be 'public/protected virtual' or 'protected internal virtual'
Hierarchy.Vehicle: method set_Model should be 'public/protected virtual' or 'protected internal virtual'
Hierarchy.Vehicle: method get_Model should be 'public/protected virtual' or 'protected internal virtual'
Hierarchy.Vehicle: method get_ProductionDate should be 'public/protected virtual' or 'protected internal virtual'
Hierarchy.Vehicle: method set_ProductionDate should be 'public/protected virtual' or 'protected internal virtual'.</Message>
          <StackTrace>    at NHibernate.Cfg.Configuration.ValidateEntities()
   at NHibernate.Cfg.Configuration.Validate()
   at NHibernate.Cfg.Configuration.BuildSessionFactory()
   at FluentNHibernate.Cfg.FluentConfiguration.BuildSessionFactory()
 --- End of inner exception stack trace ---
    at FluentNHibernate.Cfg.FluentConfiguration.BuildSessionFactory()
   at Hierarchy.NHibernate.NHibernateHelper.GetSessionFactory(String connectionString) in C:\Projects\NhibernateHierarchyTest\Hierarchy.NHibernate\NHibernateHelper.cs:line 25
   at Hierarchy.NHibernate.NHibernateHelper.GetSession(String connectionString) in C:\Projects\NhibernateHierarchyTest\Hierarchy.NHibernate\NHibernateHelper.cs:line 30
   at Hierarchy.NHibernate.Tests.NHibernateVehicleRepositoryTest.Init() in C:\Projects\NhibernateHierarchyTest\Hierarchy.NHibernate.Tests\NHibernateVehicleRepositoryTest.cs:line 20
</StackTrace>
        </ErrorInfo>
      </Output>
    </UnitTestResult>
  </Results>
</TestRun>